{"/Users/macuser/Desktop/To-Do-List/To-Do-List/src/taskFunctions.js": {"path":"/Users/macuser/Desktop/To-Do-List/To-Do-List/src/taskFunctions.js","statementMap":{"0":{"start":{"line":2,"column":23},"end":{"line":12,"column":1}},"1":{"start":{"line":4,"column":18},"end":{"line":8,"column":3}},"2":{"start":{"line":11,"column":2},"end":{"line":11,"column":22}},"3":{"start":{"line":15,"column":26},"end":{"line":28,"column":1}},"4":{"start":{"line":17,"column":20},"end":{"line":17,"column":67}},"5":{"start":{"line":17,"column":46},"end":{"line":17,"column":66}},"6":{"start":{"line":20,"column":2},"end":{"line":22,"column":3}},"7":{"start":{"line":21,"column":4},"end":{"line":21,"column":31}},"8":{"start":{"line":25,"column":2},"end":{"line":27,"column":5}},"9":{"start":{"line":26,"column":4},"end":{"line":26,"column":23}},"10":{"start":{"line":31,"column":24},"end":{"line":39,"column":1}},"11":{"start":{"line":33,"column":15},"end":{"line":33,"column":57}},"12":{"start":{"line":33,"column":36},"end":{"line":33,"column":56}},"13":{"start":{"line":36,"column":2},"end":{"line":38,"column":3}},"14":{"start":{"line":37,"column":4},"end":{"line":37,"column":38}},"15":{"start":{"line":42,"column":25},"end":{"line":45,"column":1}},"16":{"start":{"line":44,"column":2},"end":{"line":44,"column":55}},"17":{"start":{"line":48,"column":25},"end":{"line":59,"column":1}},"18":{"start":{"line":50,"column":16},"end":{"line":50,"column":45}},"19":{"start":{"line":53,"column":2},"end":{"line":55,"column":3}},"20":{"start":{"line":54,"column":4},"end":{"line":54,"column":29}},"21":{"start":{"line":58,"column":2},"end":{"line":58,"column":12}}},"fnMap":{"0":{"name":"(anonymous_0)","decl":{"start":{"line":2,"column":23},"end":{"line":2,"column":24}},"loc":{"start":{"line":2,"column":47},"end":{"line":12,"column":1}},"line":2},"1":{"name":"(anonymous_1)","decl":{"start":{"line":15,"column":26},"end":{"line":15,"column":27}},"loc":{"start":{"line":15,"column":44},"end":{"line":28,"column":1}},"line":15},"2":{"name":"(anonymous_2)","decl":{"start":{"line":17,"column":36},"end":{"line":17,"column":37}},"loc":{"start":{"line":17,"column":46},"end":{"line":17,"column":66}},"line":17},"3":{"name":"(anonymous_3)","decl":{"start":{"line":25,"column":16},"end":{"line":25,"column":17}},"loc":{"start":{"line":25,"column":29},"end":{"line":27,"column":3}},"line":25},"4":{"name":"(anonymous_4)","decl":{"start":{"line":31,"column":24},"end":{"line":31,"column":25}},"loc":{"start":{"line":31,"column":58},"end":{"line":39,"column":1}},"line":31},"5":{"name":"(anonymous_5)","decl":{"start":{"line":33,"column":26},"end":{"line":33,"column":27}},"loc":{"start":{"line":33,"column":36},"end":{"line":33,"column":56}},"line":33},"6":{"name":"(anonymous_6)","decl":{"start":{"line":42,"column":25},"end":{"line":42,"column":26}},"loc":{"start":{"line":42,"column":36},"end":{"line":45,"column":1}},"line":42},"7":{"name":"(anonymous_7)","decl":{"start":{"line":48,"column":25},"end":{"line":48,"column":26}},"loc":{"start":{"line":48,"column":31},"end":{"line":59,"column":1}},"line":48}},"branchMap":{"0":{"loc":{"start":{"line":20,"column":2},"end":{"line":22,"column":3}},"type":"if","locations":[{"start":{"line":20,"column":2},"end":{"line":22,"column":3}},{"start":{},"end":{}}],"line":20},"1":{"loc":{"start":{"line":36,"column":2},"end":{"line":38,"column":3}},"type":"if","locations":[{"start":{"line":36,"column":2},"end":{"line":38,"column":3}},{"start":{},"end":{}}],"line":36},"2":{"loc":{"start":{"line":53,"column":2},"end":{"line":55,"column":3}},"type":"if","locations":[{"start":{"line":53,"column":2},"end":{"line":55,"column":3}},{"start":{},"end":{}}],"line":53}},"s":{"0":1,"1":1,"2":1,"3":1,"4":1,"5":1,"6":1,"7":1,"8":1,"9":1,"10":1,"11":0,"12":0,"13":0,"14":0,"15":1,"16":0,"17":1,"18":0,"19":0,"20":0,"21":0},"f":{"0":1,"1":1,"2":1,"3":1,"4":0,"5":0,"6":0,"7":0},"b":{"0":[1,0],"1":[0,0],"2":[0,0]},"_coverageSchema":"1a1c01bbd47fc00a2c39e90264f33305004495a9","hash":"b19268e91217b1e7c1fd1be4d7e34f055f3c7281"}
}
