TN:
SF:src/taskFunctions.js
FN:2,(anonymous_0)
FN:15,(anonymous_1)
FN:17,(anonymous_2)
FN:25,(anonymous_3)
FN:31,(anonymous_4)
FN:33,(anonymous_5)
FN:42,(anonymous_6)
FN:48,(anonymous_7)
FNF:8
FNH:4
FNDA:1,(anonymous_0)
FNDA:1,(anonymous_1)
FNDA:1,(anonymous_2)
FNDA:1,(anonymous_3)
FNDA:0,(anonymous_4)
FNDA:0,(anonymous_5)
FNDA:0,(anonymous_6)
FNDA:0,(anonymous_7)
DA:2,1
DA:4,1
DA:11,1
DA:15,1
DA:17,1
DA:20,1
DA:21,1
DA:25,1
DA:26,1
DA:31,1
DA:33,0
DA:36,0
DA:37,0
DA:42,1
DA:44,0
DA:48,1
DA:50,0
DA:53,0
DA:54,0
DA:58,0
LF:20
LH:12
BRDA:20,0,0,1
BRDA:20,0,1,0
BRDA:36,1,0,0
BRDA:36,1,1,0
BRDA:53,2,0,0
BRDA:53,2,1,0
BRF:6
BRH:1
end_of_record
